Pig Stack Trace
---------------
ERROR 1200: <file ankit.pig, line 18, column 0>  mismatched input 'minmax' expecting SEMI_COLON

org.apache.pig.impl.logicalLayer.FrontendException: ERROR 1000: Error during parsing. <file ankit.pig, line 18, column 0>  mismatched input 'minmax' expecting SEMI_COLON
	at org.apache.pig.PigServer$Graph.parseQuery(PigServer.java:1689)
	at org.apache.pig.PigServer$Graph.access$000(PigServer.java:1409)
	at org.apache.pig.PigServer.parseAndBuild(PigServer.java:342)
	at org.apache.pig.PigServer.executeBatch(PigServer.java:367)
	at org.apache.pig.PigServer.executeBatch(PigServer.java:353)
	at org.apache.pig.tools.grunt.GruntParser.executeBatch(GruntParser.java:140)
	at org.apache.pig.tools.grunt.GruntParser.parseStopOnError(GruntParser.java:202)
	at org.apache.pig.tools.grunt.GruntParser.parseStopOnError(GruntParser.java:173)
	at org.apache.pig.tools.grunt.Grunt.exec(Grunt.java:84)
	at org.apache.pig.Main.run(Main.java:607)
	at org.apache.pig.Main.main(Main.java:156)
Caused by: Failed to parse: <file ankit.pig, line 18, column 0>  mismatched input 'minmax' expecting SEMI_COLON
	at org.apache.pig.parser.QueryParserDriver.parse(QueryParserDriver.java:241)
	at org.apache.pig.parser.QueryParserDriver.parse(QueryParserDriver.java:179)
	at org.apache.pig.PigServer$Graph.parseQuery(PigServer.java:1676)
	... 10 more
================================================================================
