Pig Stack Trace
---------------
ERROR 1045: 
<file ankit.pig, line 34, column 14> Could not infer the matching function for org.apache.pig.builtin.SUM as multiple or none of them fit. Please use an explicit cast.

org.apache.pig.impl.logicalLayer.validators.TypeCheckerException: ERROR 1059: 
<file ankit.pig, line 33, column 12> Problem while reconciling output schema of ForEach
	at org.apache.pig.newplan.logical.visitor.TypeCheckingRelVisitor.throwTypeCheckerException(TypeCheckingRelVisitor.java:142)
	at org.apache.pig.newplan.logical.visitor.TypeCheckingRelVisitor.visit(TypeCheckingRelVisitor.java:182)
	at org.apache.pig.newplan.logical.relational.LOForEach.accept(LOForEach.java:76)
	at org.apache.pig.newplan.DependencyOrderWalker.walk(DependencyOrderWalker.java:75)
	at org.apache.pig.newplan.PlanVisitor.visit(PlanVisitor.java:52)
	at org.apache.pig.PigServer$Graph.compile(PigServer.java:1725)
	at org.apache.pig.PigServer$Graph.compile(PigServer.java:1708)
	at org.apache.pig.PigServer$Graph.access$200(PigServer.java:1409)
	at org.apache.pig.PigServer.execute(PigServer.java:1289)
	at org.apache.pig.PigServer.executeBatch(PigServer.java:375)
	at org.apache.pig.PigServer.executeBatch(PigServer.java:353)
	at org.apache.pig.tools.grunt.GruntParser.executeBatch(GruntParser.java:140)
	at org.apache.pig.tools.grunt.GruntParser.parseStopOnError(GruntParser.java:202)
	at org.apache.pig.tools.grunt.GruntParser.parseStopOnError(GruntParser.java:173)
	at org.apache.pig.tools.grunt.Grunt.exec(Grunt.java:84)
	at org.apache.pig.Main.run(Main.java:607)
	at org.apache.pig.Main.main(Main.java:156)
Caused by: org.apache.pig.impl.logicalLayer.validators.TypeCheckerException: ERROR 1045: 
<file ankit.pig, line 34, column 14> Could not infer the matching function for org.apache.pig.builtin.SUM as multiple or none of them fit. Please use an explicit cast.
	at org.apache.pig.newplan.logical.visitor.TypeCheckingExpVisitor.visit(TypeCheckingExpVisitor.java:784)
	at org.apache.pig.newplan.logical.expression.UserFuncExpression.accept(UserFuncExpression.java:112)
	at org.apache.pig.newplan.ReverseDependencyOrderWalker.walk(ReverseDependencyOrderWalker.java:70)
	at org.apache.pig.newplan.PlanVisitor.visit(PlanVisitor.java:52)
	at org.apache.pig.newplan.logical.visitor.TypeCheckingRelVisitor.visitExpressionPlan(TypeCheckingRelVisitor.java:191)
	at org.apache.pig.newplan.logical.visitor.TypeCheckingRelVisitor.visit(TypeCheckingRelVisitor.java:157)
	at org.apache.pig.newplan.logical.relational.LOGenerate.accept(LOGenerate.java:246)
	at org.apache.pig.newplan.DependencyOrderWalker.walk(DependencyOrderWalker.java:75)
	at org.apache.pig.newplan.PlanVisitor.visit(PlanVisitor.java:52)
	at org.apache.pig.newplan.logical.visitor.TypeCheckingRelVisitor.visit(TypeCheckingRelVisitor.java:174)
	... 15 more
================================================================================
