Pig Stack Trace
---------------
ERROR 1200: Pig script failed to parse: 
<file without_CSVExcelStorage.pig, line 12, column 12> Undefined alias: A

org.apache.pig.impl.logicalLayer.FrontendException: ERROR 1000: Error during parsing. Pig script failed to parse: 
<file without_CSVExcelStorage.pig, line 12, column 12> Undefined alias: A
	at org.apache.pig.PigServer$Graph.parseQuery(PigServer.java:1689)
	at org.apache.pig.PigServer$Graph.access$000(PigServer.java:1409)
	at org.apache.pig.PigServer.parseAndBuild(PigServer.java:342)
	at org.apache.pig.PigServer.executeBatch(PigServer.java:367)
	at org.apache.pig.PigServer.executeBatch(PigServer.java:353)
	at org.apache.pig.tools.grunt.GruntParser.executeBatch(GruntParser.java:140)
	at org.apache.pig.tools.grunt.GruntParser.parseStopOnError(GruntParser.java:202)
	at org.apache.pig.tools.grunt.GruntParser.parseStopOnError(GruntParser.java:173)
	at org.apache.pig.tools.grunt.Grunt.exec(Grunt.java:84)
	at org.apache.pig.Main.run(Main.java:607)
	at org.apache.pig.Main.main(Main.java:156)
Caused by: Failed to parse: Pig script failed to parse: 
<file without_CSVExcelStorage.pig, line 12, column 12> Undefined alias: A
	at org.apache.pig.parser.QueryParserDriver.parse(QueryParserDriver.java:196)
	at org.apache.pig.PigServer$Graph.parseQuery(PigServer.java:1676)
	... 10 more
Caused by: 
<file without_CSVExcelStorage.pig, line 12, column 12> Undefined alias: A
	at org.apache.pig.parser.AstValidator.validateAliasRef(AstValidator.java:278)
	at org.apache.pig.parser.AstValidator.rel(AstValidator.java:6437)
	at org.apache.pig.parser.AstValidator.foreach_clause(AstValidator.java:13826)
	at org.apache.pig.parser.AstValidator.op_clause(AstValidator.java:1834)
	at org.apache.pig.parser.AstValidator.general_statement(AstValidator.java:946)
	at org.apache.pig.parser.AstValidator.statement(AstValidator.java:492)
	at org.apache.pig.parser.AstValidator.query(AstValidator.java:373)
	at org.apache.pig.parser.QueryParserDriver.validateAst(QueryParserDriver.java:255)
	at org.apache.pig.parser.QueryParserDriver.parse(QueryParserDriver.java:183)
	... 11 more
================================================================================
