Pig Stack Trace
---------------
ERROR 1200: Pig script failed to parse: 
<file ankit.pig, line 33, column 57> Invalid scalar projection: combined : A column needs to be projected from a relation for it to be used as a scalar

org.apache.pig.impl.logicalLayer.FrontendException: ERROR 1000: Error during parsing. Pig script failed to parse: 
<file ankit.pig, line 33, column 57> Invalid scalar projection: combined : A column needs to be projected from a relation for it to be used as a scalar
	at org.apache.pig.PigServer$Graph.parseQuery(PigServer.java:1689)
	at org.apache.pig.PigServer$Graph.access$000(PigServer.java:1409)
	at org.apache.pig.PigServer.parseAndBuild(PigServer.java:342)
	at org.apache.pig.PigServer.executeBatch(PigServer.java:367)
	at org.apache.pig.PigServer.executeBatch(PigServer.java:353)
	at org.apache.pig.tools.grunt.GruntParser.executeBatch(GruntParser.java:140)
	at org.apache.pig.tools.grunt.GruntParser.parseStopOnError(GruntParser.java:202)
	at org.apache.pig.tools.grunt.GruntParser.parseStopOnError(GruntParser.java:173)
	at org.apache.pig.tools.grunt.Grunt.exec(Grunt.java:84)
	at org.apache.pig.Main.run(Main.java:607)
	at org.apache.pig.Main.main(Main.java:156)
Caused by: Failed to parse: Pig script failed to parse: 
<file ankit.pig, line 33, column 57> Invalid scalar projection: combined : A column needs to be projected from a relation for it to be used as a scalar
	at org.apache.pig.parser.QueryParserDriver.parse(QueryParserDriver.java:196)
	at org.apache.pig.PigServer$Graph.parseQuery(PigServer.java:1676)
	... 10 more
Caused by: 
<file ankit.pig, line 33, column 57> Invalid scalar projection: combined : A column needs to be projected from a relation for it to be used as a scalar
	at org.apache.pig.parser.LogicalPlanGenerator.var_expr(LogicalPlanGenerator.java:10858)
	at org.apache.pig.parser.LogicalPlanGenerator.expr(LogicalPlanGenerator.java:10075)
	at org.apache.pig.parser.LogicalPlanGenerator.real_arg(LogicalPlanGenerator.java:9528)
	at org.apache.pig.parser.LogicalPlanGenerator.func_eval(LogicalPlanGenerator.java:9259)
	at org.apache.pig.parser.LogicalPlanGenerator.projectable_expr(LogicalPlanGenerator.java:10967)
	at org.apache.pig.parser.LogicalPlanGenerator.var_expr(LogicalPlanGenerator.java:10726)
	at org.apache.pig.parser.LogicalPlanGenerator.expr(LogicalPlanGenerator.java:10075)
	at org.apache.pig.parser.LogicalPlanGenerator.flatten_clause(LogicalPlanGenerator.java:7545)
	at org.apache.pig.parser.LogicalPlanGenerator.flatten_generated_item(LogicalPlanGenerator.java:7368)
	at org.apache.pig.parser.LogicalPlanGenerator.generate_clause(LogicalPlanGenerator.java:17506)
	at org.apache.pig.parser.LogicalPlanGenerator.foreach_plan(LogicalPlanGenerator.java:15898)
	at org.apache.pig.parser.LogicalPlanGenerator.foreach_clause(LogicalPlanGenerator.java:15765)
	at org.apache.pig.parser.LogicalPlanGenerator.op_clause(LogicalPlanGenerator.java:1844)
	at org.apache.pig.parser.LogicalPlanGenerator.general_statement(LogicalPlanGenerator.java:1013)
	at org.apache.pig.parser.LogicalPlanGenerator.statement(LogicalPlanGenerator.java:553)
	at org.apache.pig.parser.LogicalPlanGenerator.query(LogicalPlanGenerator.java:421)
	at org.apache.pig.parser.QueryParserDriver.parse(QueryParserDriver.java:188)
	... 11 more
================================================================================
