Pig Stack Trace
---------------
ERROR 1200: Pig script failed to parse: 
<file ankit.pig, line 5, column 4> pig script failed to validate: java.lang.RuntimeException: could not instantiate 'org.apache.pig.piggybank.storage.CSVExcelStorage' with arguments '[,, YES_MULTILINE, NOCHANGE, SKIP_INPUT_HEADER]'

org.apache.pig.impl.logicalLayer.FrontendException: ERROR 1000: Error during parsing. Pig script failed to parse: 
<file ankit.pig, line 5, column 4> pig script failed to validate: java.lang.RuntimeException: could not instantiate 'org.apache.pig.piggybank.storage.CSVExcelStorage' with arguments '[,, YES_MULTILINE, NOCHANGE, SKIP_INPUT_HEADER]'
	at org.apache.pig.PigServer$Graph.parseQuery(PigServer.java:1689)
	at org.apache.pig.PigServer$Graph.access$000(PigServer.java:1409)
	at org.apache.pig.PigServer.parseAndBuild(PigServer.java:342)
	at org.apache.pig.PigServer.executeBatch(PigServer.java:367)
	at org.apache.pig.PigServer.executeBatch(PigServer.java:353)
	at org.apache.pig.tools.grunt.GruntParser.executeBatch(GruntParser.java:140)
	at org.apache.pig.tools.grunt.GruntParser.parseStopOnError(GruntParser.java:202)
	at org.apache.pig.tools.grunt.GruntParser.parseStopOnError(GruntParser.java:173)
	at org.apache.pig.tools.grunt.Grunt.exec(Grunt.java:84)
	at org.apache.pig.Main.run(Main.java:607)
	at org.apache.pig.Main.main(Main.java:156)
Caused by: Failed to parse: Pig script failed to parse: 
<file ankit.pig, line 5, column 4> pig script failed to validate: java.lang.RuntimeException: could not instantiate 'org.apache.pig.piggybank.storage.CSVExcelStorage' with arguments '[,, YES_MULTILINE, NOCHANGE, SKIP_INPUT_HEADER]'
	at org.apache.pig.parser.QueryParserDriver.parse(QueryParserDriver.java:196)
	at org.apache.pig.PigServer$Graph.parseQuery(PigServer.java:1676)
	... 10 more
Caused by: 
<file ankit.pig, line 5, column 4> pig script failed to validate: java.lang.RuntimeException: could not instantiate 'org.apache.pig.piggybank.storage.CSVExcelStorage' with arguments '[,, YES_MULTILINE, NOCHANGE, SKIP_INPUT_HEADER]'
	at org.apache.pig.parser.LogicalPlanBuilder.buildLoadOp(LogicalPlanBuilder.java:849)
	at org.apache.pig.parser.LogicalPlanGenerator.load_clause(LogicalPlanGenerator.java:3479)
	at org.apache.pig.parser.LogicalPlanGenerator.op_clause(LogicalPlanGenerator.java:1536)
	at org.apache.pig.parser.LogicalPlanGenerator.general_statement(LogicalPlanGenerator.java:1013)
	at org.apache.pig.parser.LogicalPlanGenerator.statement(LogicalPlanGenerator.java:553)
	at org.apache.pig.parser.LogicalPlanGenerator.query(LogicalPlanGenerator.java:421)
	at org.apache.pig.parser.QueryParserDriver.parse(QueryParserDriver.java:188)
	... 11 more
Caused by: java.lang.RuntimeException: could not instantiate 'org.apache.pig.piggybank.storage.CSVExcelStorage' with arguments '[,, YES_MULTILINE, NOCHANGE, SKIP_INPUT_HEADER]'
	at org.apache.pig.impl.PigContext.instantiateFuncFromSpec(PigContext.java:737)
	at org.apache.pig.parser.LogicalPlanBuilder.buildLoadOp(LogicalPlanBuilder.java:837)
	... 17 more
Caused by: java.lang.NoSuchMethodException: org.apache.pig.piggybank.storage.CSVExcelStorage.<init>([Ljava.lang.String;)
	at java.lang.Class.getConstructor0(Class.java:2892)
	at java.lang.Class.getConstructor(Class.java:1723)
	at org.apache.pig.impl.PigContext.instantiateFuncFromSpec(PigContext.java:724)
	... 18 more
================================================================================
